2022/09/20 15:09:31.514768 Plugin para comunicación con impresoras térmicas 
Proudly brought to you by Parzibyte
==========================================
	https://parzibyte.me/blog
==========================================
Entorno: Producción
2022/09/20 15:09:31.514768 Escuchando en el puerto :8000.
2022/09/20 15:13:01.439254 Plugin para comunicación con impresoras térmicas 
Proudly brought to you by Parzibyte
==========================================
	https://parzibyte.me/blog
==========================================
Entorno: Producción
2022/09/20 15:13:01.439761 Escuchando en el puerto :8000.
2022/09/20 15:15:04.643921 Advertencia: ocurrió un error leyendo la clave API del archivo 'api_key.txt'. Esto no es un problema si solo está usando la versión de prueba, pero si usted tiene su clave API recuerde colocarla en el archivo api_key.txt. El archivo debe estar en el mismo directorio que el plugin ejecutable
2022/09/20 15:17:01.580838 Advertencia: ocurrió un error leyendo la clave API del archivo 'api_key.txt'. Esto no es un problema si solo está usando la versión de prueba, pero si usted tiene su clave API recuerde colocarla en el archivo api_key.txt. El archivo debe estar en el mismo directorio que el plugin ejecutable
2022/09/20 15:19:15.588323 Advertencia: ocurrió un error leyendo la clave API del archivo 'api_key.txt'. Esto no es un problema si solo está usando la versión de prueba, pero si usted tiene su clave API recuerde colocarla en el archivo api_key.txt. El archivo debe estar en el mismo directorio que el plugin ejecutable
2022/09/20 15:37:42.569063 Advertencia: ocurrió un error leyendo la clave API del archivo 'api_key.txt'. Esto no es un problema si solo está usando la versión de prueba, pero si usted tiene su clave API recuerde colocarla en el archivo api_key.txt. El archivo debe estar en el mismo directorio que el plugin ejecutable
2022/09/20 15:38:56.132145 Advertencia: ocurrió un error leyendo la clave API del archivo 'api_key.txt'. Esto no es un problema si solo está usando la versión de prueba, pero si usted tiene su clave API recuerde colocarla en el archivo api_key.txt. El archivo debe estar en el mismo directorio que el plugin ejecutable
2022/09/20 15:39:19.238131 Advertencia: ocurrió un error leyendo la clave API del archivo 'api_key.txt'. Esto no es un problema si solo está usando la versión de prueba, pero si usted tiene su clave API recuerde colocarla en el archivo api_key.txt. El archivo debe estar en el mismo directorio que el plugin ejecutable
